<?xml version="1.0" encoding="UTF-8"?>
<!-- Generated by org.testng.reporters.JUnitXMLReporter -->
<testsuite hostname="LAPTOP-3QSEC7LE" ignored="0" name="Default test" tests="3" failures="0" timestamp="23 Mar 2019 03:34:37 GMT" time="35.41" errors="0">
  <testcase name="loginpageTitleTest" time="0.168" classname="com.crm.qa.testcases.LoginPageTest"/>
  <testcase name="crmLogoImageTest" time="0.256" classname="com.crm.qa.testcases.LoginPageTest"/>
  <testcase name="loginTest" time="3.319" classname="com.crm.qa.testcases.LoginPageTest"/>
</testsuite> <!-- Default test -->
